{
  "numFailedTestSuites": 1,
  "numFailedTests": 0,
  "numPassedTestSuites": 0,
  "numPassedTests": 0,
  "numPendingTestSuites": 0,
  "numPendingTests": 0,
  "numRuntimeErrorTestSuites": 1,
  "numTodoTests": 0,
  "numTotalTestSuites": 1,
  "numTotalTests": 0,
  "openHandles": [],
  "snapshot": {
    "added": 0,
    "didUpdate": false,
    "failure": false,
    "filesAdded": 0,
    "filesRemoved": 0,
    "filesRemovedList": [],
    "filesUnmatched": 0,
    "filesUpdated": 0,
    "matched": 0,
    "total": 0,
    "unchecked": 0,
    "uncheckedKeysByFile": [],
    "unmatched": 0,
    "updated": 0
  },
  "startTime": 1737949933012,
  "success": false,
  "testResults": [
    {
      "failureMessage": "  \u001b[1m● \u001b[22mTest suite failed to run\n\n    You appear to be using a native ECMAScript module configuration file, which is only supported when running Babel asynchronously or when using the Node.js `--experimental-require-module` flag.\n        at C:\\code\\web-template\\babel.config.js\n\n      \u001b[2mat loadPartialConfigSync (\u001b[22mnode_modules/.pnpm/@babel+core@7.26.7/node_modules/@babel/core/lib/config/index.js\u001b[2m:37:84)\u001b[22m\n      \u001b[2mat loadPartialConfig (\u001b[22mnode_modules/.pnpm/@babel+core@7.26.7/node_modules/@babel/core/lib/config/index.js\u001b[2m:46:14)\u001b[22m\n      \u001b[2mat ScriptTransformer._getCacheKey (\u001b[22mnode_modules/.pnpm/@jest+transform@29.7.0/node_modules/@jest/transform/build/ScriptTransformer.js\u001b[2m:228:41)\u001b[22m\n      \u001b[2mat ScriptTransformer._getFileCachePath (\u001b[22mnode_modules/.pnpm/@jest+transform@29.7.0/node_modules/@jest/transform/build/ScriptTransformer.js\u001b[2m:289:27)\u001b[22m\n      \u001b[2mat ScriptTransformer.transformSource (\u001b[22mnode_modules/.pnpm/@jest+transform@29.7.0/node_modules/@jest/transform/build/ScriptTransformer.js\u001b[2m:525:32)\u001b[22m\n      \u001b[2mat ScriptTransformer._transformAndBuildScript (\u001b[22mnode_modules/.pnpm/@jest+transform@29.7.0/node_modules/@jest/transform/build/ScriptTransformer.js\u001b[2m:674:40)\u001b[22m\n      \u001b[2mat ScriptTransformer.transform (\u001b[22mnode_modules/.pnpm/@jest+transform@29.7.0/node_modules/@jest/transform/build/ScriptTransformer.js\u001b[2m:726:19)\u001b[22m\n",
      "leaks": false,
      "numFailingTests": 0,
      "numPassingTests": 0,
      "numPendingTests": 0,
      "numTodoTests": 0,
      "openHandles": [],
      "perfStats": {
        "end": 0,
        "runtime": 0,
        "slow": false,
        "start": 0
      },
      "skipped": false,
      "snapshot": {
        "added": 0,
        "fileDeleted": false,
        "matched": 0,
        "unchecked": 0,
        "uncheckedKeys": [],
        "unmatched": 0,
        "updated": 0
      },
      "testExecError": {},
      "testFilePath": "C:\\code\\web-template\\src\\Timer\\Timer.test.jsx",
      "testResults": []
    }
  ],
  "wasInterrupted": false
}